0 info it worked if it ends with ok
1 verbose cli [ 'C:\\Program Files\\nodejs\\node.exe',
1 verbose cli   'C:\\Program Files\\nodejs\\node_modules\\npm\\bin\\npm-cli.js',
1 verbose cli   'start' ]
2 info using npm@3.10.10
3 info using node@v6.10.0
4 verbose run-script [ 'prestart', 'start', 'poststart' ]
5 info lifecycle reactrestapp@1.0.0~prestart: reactrestapp@1.0.0
6 silly lifecycle reactrestapp@1.0.0~prestart: no script for prestart, continuing
7 info lifecycle reactrestapp@1.0.0~start: reactrestapp@1.0.0
8 verbose lifecycle reactrestapp@1.0.0~start: unsafe-perm in lifecycle true
9 verbose lifecycle reactrestapp@1.0.0~start: PATH: C:\Program Files\nodejs\node_modules\npm\bin\node-gyp-bin;C:\Users\chethan.mr\Documents\GitHub\React-Rest-Example\node_modules\.bin;C:\ProgramData\Oracle\Java\javapath;C:\WINDOWS\system32;C:\WINDOWS;C:\WINDOWS\System32\Wbem;C:\WINDOWS\System32\WindowsPowerShell\v1.0\;C:\Program Files\Microsoft SQL Server\120\Tools\Binn\;C:\Program Files\Microsoft SQL Server\130\Tools\Binn\;C:\Program Files (x86)\Microsoft SQL Server\110\Tools\Binn\;C:\Program Files\Microsoft SQL Server\110\Tools\Binn\;C:\Program Files\Microsoft SQL Server\110\DTS\Binn\;C:\Program Files\Microsoft\Web Platform Installer\;C:\Program Files\nodejs\;C:\Program Files\dotnet\;C:\Program Files\MongoDB\Server\3.4\bin;C:\Users\chethan.mr\Documents\Visual Studio 2015\Projects\SuperHero\SuperHero;C:\Users\chethan.mr\AppData\Local\Programs\Python\Python35;C:\Users\chethan.mr\AppData\Local\pip;C:\Users\chethan.mr\AppData\Local\Programs\Python\Python35\Scripts;C:\Users\chethan.mr\AppData\Local\Programs\Python\Python35\Lib\site-packages\pygame;C:\Program Files\Java\jdk1.8.0_131\bin;C:\Program Files\solr-6.5.1\bin;C:\Program Files\Git\bin;C:\Program Files (x86)\Windows Kits\8.1\Windows Performance Toolkit\;C:\Program Files (x86)\Microsoft Emulator Manager\1.0\;C:\Users\chethan.mr\AppData\Local\Microsoft\WindowsApps;.bin;C:\Users\chethan.mr\AppData\Roaming\npm;C:\Program Files (x86)\Microsoft VS Code\bin
10 verbose lifecycle reactrestapp@1.0.0~start: CWD: C:\Users\chethan.mr\Documents\GitHub\React-Rest-Example
11 silly lifecycle reactrestapp@1.0.0~start: Args: [ '/d /s /c', 'webpack-dev-server --progress --colors' ]
12 verbose stack Error: kill ENOSYS
12 verbose stack     at exports._errnoException (util.js:1022:11)
12 verbose stack     at process.kill (internal/process.js:172:13)
12 verbose stack     at process.listener (C:\Program Files\nodejs\node_modules\npm\node_modules\npmlog\node_modules\gauge\node_modules\signal-exit\index.js:86:15)
12 verbose stack     at emitNone (events.js:91:20)
12 verbose stack     at process.emit (events.js:185:7)
12 verbose stack     at processEmit (C:\Program Files\nodejs\node_modules\npm\node_modules\npmlog\node_modules\gauge\node_modules\signal-exit\index.js:146:32)
12 verbose stack     at processEmit (C:\Program Files\nodejs\node_modules\npm\node_modules\npm-registry-client\node_modules\npmlog\node_modules\gauge\node_modules\signal-exit\index.js:146:32)
12 verbose stack     at Signal.wrap.onsignal (internal/process.js:199:44)
13 verbose cwd C:\Users\chethan.mr\Documents\GitHub\React-Rest-Example
14 error Windows_NT 10.0.14393
15 error argv "C:\\Program Files\\nodejs\\node.exe" "C:\\Program Files\\nodejs\\node_modules\\npm\\bin\\npm-cli.js" "start"
16 error node v6.10.0
17 error npm  v3.10.10
18 error code ENOSYS
19 error errno ENOSYS
20 error syscall kill
21 error kill ENOSYS
22 error If you need help, you may report this error at:
22 error     <https://github.com/npm/npm/issues>
23 verbose exit [ 1, true ]
